Unity_basicSetup/app/build/outputs/logs/manifest-merger-debug-report.txt
-- Merging decision tree log ---
manifest
ADDED from src/main/AndroidManifest.xml:2:1-57:12
	package
		ADDED from src/main/AndroidManifest.xml:2:70-97
		INJECTED from src/main/AndroidManifest.xml
		INJECTED from src/main/AndroidManifest.xml
	android:versionName
		ADDED from src/main/AndroidManifest.xml:2:98-123
		INJECTED from src/main/AndroidManifest.xml
		INJECTED from src/main/AndroidManifest.xml
	android:versionCode
		ADDED from src/main/AndroidManifest.xml:2:124-150
		INJECTED from src/main/AndroidManifest.xml
		INJECTED from src/main/AndroidManifest.xml
	xmlns:android
		ADDED from src/main/AndroidManifest.xml:2:11-69
	android:installLocation
		ADDED from src/main/AndroidManifest.xml:2:151-191
supports-screens
ADDED from src/main/AndroidManifest.xml:3:3-163
	android:largeScreens
		ADDED from src/main/AndroidManifest.xml:3:78-105
	android:smallScreens
		ADDED from src/main/AndroidManifest.xml:3:21-48
	android:normalScreens
		ADDED from src/main/AndroidManifest.xml:3:49-77
	android:xlargeScreens
		ADDED from src/main/AndroidManifest.xml:3:106-134
	android:anyDensity
		ADDED from src/main/AndroidManifest.xml:3:135-160
application
ADDED from src/main/AndroidManifest.xml:4:3-41:17
MERGED from [com.android.support:support-v4:23.4.0] AndroidManifest.xml:22:5-20
	android:label
		ADDED from src/main/AndroidManifest.xml:4:92-124
	android:debuggable
		ADDED from src/main/AndroidManifest.xml:4:173-198
	android:icon
		ADDED from src/main/AndroidManifest.xml:4:58-91
	android:banner
		ADDED from src/main/AndroidManifest.xml:4:221-258
	android:theme
		ADDED from src/main/AndroidManifest.xml:4:16-57
	android:isGame
		ADDED from src/main/AndroidManifest.xml:4:199-220
	android:name
		ADDED from src/main/AndroidManifest.xml:4:125-172
activity#com.fede.fedeTest.UnityPlayerActivity
ADDED from src/main/AndroidManifest.xml:5:5-12:16
	android:screenOrientation
		ADDED from src/main/AndroidManifest.xml:5:48-86
	android:label
		ADDED from src/main/AndroidManifest.xml:5:15-47
	android:launchMode
		ADDED from src/main/AndroidManifest.xml:5:87-118
	android:configChanges
		ADDED from src/main/AndroidManifest.xml:5:119-276
	android:name
		ADDED from src/main/AndroidManifest.xml:5:277-329
intent-filter#android.intent.action.MAIN+android.intent.category.LAUNCHER+android.intent.category.LEANBACK_LAUNCHER
ADDED from src/main/AndroidManifest.xml:6:7-10:23
action#android.intent.action.MAIN
ADDED from src/main/AndroidManifest.xml:7:9-61
	android:name
		ADDED from src/main/AndroidManifest.xml:7:17-58
category#android.intent.category.LAUNCHER
ADDED from src/main/AndroidManifest.xml:8:9-69
	android:name
		ADDED from src/main/AndroidManifest.xml:8:19-66
category#android.intent.category.LEANBACK_LAUNCHER
ADDED from src/main/AndroidManifest.xml:9:9-78
	android:name
		ADDED from src/main/AndroidManifest.xml:9:19-75
meta-data#unityplayer.UnityActivity
ADDED from src/main/AndroidManifest.xml:11:7-82
	android:value
		ADDED from src/main/AndroidManifest.xml:11:59-79
	android:name
		ADDED from src/main/AndroidManifest.xml:11:18-58
meta-data#com.google.android.gms.version
ADDED from src/main/AndroidManifest.xml:13:5-88
	android:value
		ADDED from src/main/AndroidManifest.xml:13:62-85
	android:name
		ADDED from src/main/AndroidManifest.xml:13:16-61
receiver#com.google.android.gms.gcm.GcmReceiver
ADDED from src/main/AndroidManifest.xml:15:5-21:16
	android:exported
		ADDED from src/main/AndroidManifest.xml:15:69-92
	android:permission
		ADDED from src/main/AndroidManifest.xml:15:93-153
	android:name
		ADDED from src/main/AndroidManifest.xml:15:15-68
intent-filter#com.fede.fedeTest+com.google.android.c2dm.intent.RECEIVE+com.google.android.c2dm.intent.REGISTRATION
ADDED from src/main/AndroidManifest.xml:16:7-20:23
action#com.google.android.c2dm.intent.RECEIVE
ADDED from src/main/AndroidManifest.xml:17:9-73
	android:name
		ADDED from src/main/AndroidManifest.xml:17:17-70
action#com.google.android.c2dm.intent.REGISTRATION
ADDED from src/main/AndroidManifest.xml:18:9-78
	android:name
		ADDED from src/main/AndroidManifest.xml:18:17-75
category#com.fede.fedeTest
ADDED from src/main/AndroidManifest.xml:19:9-54
	android:name
		ADDED from src/main/AndroidManifest.xml:19:19-51
receiver#com.leanplum.LeanplumPushReceiver
ADDED from src/main/AndroidManifest.xml:22:5-26:16
	android:exported
		ADDED from src/main/AndroidManifest.xml:22:64-88
	android:name
		ADDED from src/main/AndroidManifest.xml:22:15-63
intent-filter#com.leanplum.LeanplumPushListenerService
ADDED from src/main/AndroidManifest.xml:23:7-25:23
action#com.leanplum.LeanplumPushListenerService
ADDED from src/main/AndroidManifest.xml:24:9-75
	android:name
		ADDED from src/main/AndroidManifest.xml:24:17-72
service#com.leanplum.LeanplumPushListenerService
ADDED from src/main/AndroidManifest.xml:27:5-31:15
	android:exported
		ADDED from src/main/AndroidManifest.xml:27:70-94
	android:name
		ADDED from src/main/AndroidManifest.xml:27:14-69
intent-filter#com.google.android.c2dm.intent.RECEIVE
ADDED from src/main/AndroidManifest.xml:28:7-30:23
service#com.leanplum.LeanplumLocalPushListenerService
ADDED from src/main/AndroidManifest.xml:32:5-77
	android:name
		ADDED from src/main/AndroidManifest.xml:32:14-74
service#com.leanplum.LeanplumPushRegistrationService
ADDED from src/main/AndroidManifest.xml:33:5-76
	android:name
		ADDED from src/main/AndroidManifest.xml:33:14-73
service#com.leanplum.LeanplumPushInstanceIDService
ADDED from src/main/AndroidManifest.xml:34:5-38:15
	android:exported
		ADDED from src/main/AndroidManifest.xml:34:72-96
	android:name
		ADDED from src/main/AndroidManifest.xml:34:14-71
intent-filter#com.google.android.gms.iid.InstanceID
ADDED from src/main/AndroidManifest.xml:35:7-37:23
action#com.google.android.gms.iid.InstanceID
ADDED from src/main/AndroidManifest.xml:36:9-72
	android:name
		ADDED from src/main/AndroidManifest.xml:36:17-69
service#com.leanplum.ReceiveTransitionsIntentService
ADDED from src/main/AndroidManifest.xml:40:5-76
	android:name
		ADDED from src/main/AndroidManifest.xml:40:14-73
uses-sdk
ADDED from src/main/AndroidManifest.xml:42:3-72
MERGED from [com.android.support:support-v4:23.4.0] AndroidManifest.xml:20:5-43
	android:targetSdkVersion
		ADDED from src/main/AndroidManifest.xml:42:40-69
		INJECTED from src/main/AndroidManifest.xml
		INJECTED from src/main/AndroidManifest.xml
	android:minSdkVersion
		ADDED from src/main/AndroidManifest.xml:42:13-39
		INJECTED from src/main/AndroidManifest.xml
		INJECTED from src/main/AndroidManifest.xml
uses-feature#0x00020000
ADDED from src/main/AndroidManifest.xml:43:3-52
	android:glEsVersion
		ADDED from src/main/AndroidManifest.xml:43:17-49
uses-permission#android.permission.INTERNET
ADDED from src/main/AndroidManifest.xml:44:3-65
	android:name
		ADDED from src/main/AndroidManifest.xml:44:20-62
uses-permission#android.permission.ACCESS_NETWORK_STATE
ADDED from src/main/AndroidManifest.xml:45:3-77
	android:name
		ADDED from src/main/AndroidManifest.xml:45:20-74
uses-permission#android.permission.WRITE_EXTERNAL_STORAGE
ADDED from src/main/AndroidManifest.xml:46:3-106
	android:maxSdkVersion
		ADDED from src/main/AndroidManifest.xml:46:77-103
	android:name
		ADDED from src/main/AndroidManifest.xml:46:20-76
uses-feature#android.hardware.touchscreen
ADDED from src/main/AndroidManifest.xml:47:3-88
	android:required
		ADDED from src/main/AndroidManifest.xml:47:61-85
	android:name
		ADDED from src/main/AndroidManifest.xml:47:17-60
uses-feature#android.hardware.touchscreen.multitouch
ADDED from src/main/AndroidManifest.xml:48:3-99
	android:required
		ADDED from src/main/AndroidManifest.xml:48:72-96
	android:name
		ADDED from src/main/AndroidManifest.xml:48:17-71
uses-feature#android.hardware.touchscreen.multitouch.distinct
ADDED from src/main/AndroidManifest.xml:49:3-108
	android:required
		ADDED from src/main/AndroidManifest.xml:49:81-105
	android:name
		ADDED from src/main/AndroidManifest.xml:49:17-80
uses-permission#android.permission.WAKE_LOCK
ADDED from src/main/AndroidManifest.xml:51:3-66
	android:name
		ADDED from src/main/AndroidManifest.xml:51:20-63
uses-permission#com.google.android.c2dm.permission.RECEIVE
ADDED from src/main/AndroidManifest.xml:52:3-80
	android:name
		ADDED from src/main/AndroidManifest.xml:52:20-77
permission#com.leanplum.Unity_basicSetup.permission.C2D_MESSAGE
ADDED from src/main/AndroidManifest.xml:53:3-121
	android:protectionLevel
		ADDED from src/main/AndroidManifest.xml:53:83-118
	android:name
		ADDED from src/main/AndroidManifest.xml:53:15-82
uses-permission#com.leanplum.Unity_basicSetup.permission.C2D_MESSAGE
ADDED from src/main/AndroidManifest.xml:54:3-90
	android:name
		ADDED from src/main/AndroidManifest.xml:54:20-87
permission#com.fede.fedeTest.permission.C2D_MESSAGE
ADDED from src/main/AndroidManifest.xml:55:3-109
	android:protectionLevel
		ADDED from src/main/AndroidManifest.xml:55:71-106
	android:name
		ADDED from src/main/AndroidManifest.xml:55:15-70
uses-permission#com.fede.fedeTest.permission.C2D_MESSAGE
ADDED from src/main/AndroidManifest.xml:56:3-78
	android:name
		ADDED from src/main/AndroidManifest.xml:56:20-75